<?xml version="1.0" encoding="UTF-8"?>
<!-- Generated by org.testng.reporters.JUnitXMLReporter -->
<testsuite ignored="2" hostname="AjusPC" failures="0" tests="0" time="0.024" errors="0" timestamp="2025-05-30T23:06:09 IST">
  <testcase classname="com.OrangeHRM.LoginTest" name="loginTest" time="0.0">
    <ignored/>
  </testcase> <!-- loginTest -->
  <testcase classname="com.OrangeHRM.CandidateSearchTest" name="verifyCandidateSearch" time="0.0">
    <ignored/>
  </testcase> <!-- verifyCandidateSearch -->
</testsuite>
