<?xml version="1.0" encoding="UTF-8"?>
<testng-results ignored="2" total="2" passed="0" failed="0" skipped="0">
  <reporter-output>
  </reporter-output>
  <suite started-at="2025-05-30T23:06:09 IST" name="RegressionSuite" finished-at="2025-05-30T23:06:09 IST" duration-ms="24">
    <groups>
    </groups>
    <test started-at="2025-05-30T23:06:09 IST" name="RegressionTests" finished-at="2025-05-30T23:06:09 IST" duration-ms="24">
    </test> <!-- RegressionTests -->
  </suite> <!-- RegressionSuite -->
</testng-results>
